<?xml version="1.0" encoding="UTF-8"?>
<!-- Generated by org.testng.reporters.JUnitReportReporter -->
<testsuite hostname="asd1545po01976" name="com.qait.automation.Tatocautomation.Alltest" tests="13" failures="0" timestamp="22 Jun 2018 08:33:08 GMT" time="6.557" errors="0">
  <testcase name="test_grid_red_box" time="1.425" classname="com.qait.automation.Tatocautomation.Alltest"/>
  <testcase name="test_launch_window_enter_text_proceed" time="0.452" classname="com.qait.automation.Tatocautomation.Alltest"/>
  <testcase name="test_leave_popup_window_textfield_empty_and_proceed" time="0.446" classname="com.qait.automation.Tatocautomation.Alltest"/>
  <testcase name="test_proceed_without_generating_token" time="0.187" classname="com.qait.automation.Tatocautomation.Alltest"/>
  <testcase name="test_repaint_box" time="1.945" classname="com.qait.automation.Tatocautomation.Alltest"/>
  <testcase name="test_proceed_without_launching_window" time="0.164" classname="com.qait.automation.Tatocautomation.Alltest"/>
  <testcase name="test_dragbox_to_somewhere" time="0.264" classname="com.qait.automation.Tatocautomation.Alltest"/>
  <testcase name="test_grid_green_box" time="0.273" classname="com.qait.automation.Tatocautomation.Alltest"/>
  <testcase name="test_dragbox_in_dropbox" time="0.301" classname="com.qait.automation.Tatocautomation.Alltest"/>
  <testcase name="test_without_repaint_box" time="0.313" classname="com.qait.automation.Tatocautomation.Alltest"/>
  <testcase name="test_proceed_with_generating_token_but_not_adding_cookie" time="0.303" classname="com.qait.automation.Tatocautomation.Alltest"/>
  <testcase name="test_proceed_with_generating_token_adding_cookie" time="0.300" classname="com.qait.automation.Tatocautomation.Alltest"/>
  <testcase name="test_click_proceed_without_draging" time="0.184" classname="com.qait.automation.Tatocautomation.Alltest"/>
</testsuite> <!-- com.qait.automation.Tatocautomation.Alltest -->
