<?xml version="1.0" encoding="UTF-8"?>
<!-- Generated by org.testng.reporters.JUnitReportReporter -->
<testsuite hostname="asd1545po01976" name="com.qait.automation.Tatocautomation.tatoc" tests="2" failures="0" timestamp="18 Jun 2018 11:50:51 GMT" time="0.950" errors="0">
  <testcase name="frameDungeon" time="0.757" classname="com.qait.automation.Tatocautomation.tatoc"/>
  <testcase name="greenBox" time="0.193" classname="com.qait.automation.Tatocautomation.tatoc"/>
</testsuite> <!-- com.qait.automation.Tatocautomation.tatoc -->
