<?xml version="1.0" encoding="UTF-8"?>
<!-- Generated by org.testng.reporters.JUnitReportReporter -->
<testsuite hostname="asd1545po01976" name="com.qait.automation.Tatocautomation.Tatoc" tests="5" failures="0" timestamp="19 Jun 2018 08:30:31 GMT" time="2.429" errors="0">
  <testcase name="drag" time="0.256" classname="com.qait.automation.Tatocautomation.Tatoc"/>
  <testcase name="greenBox" time="0.230" classname="com.qait.automation.Tatocautomation.Tatoc"/>
  <testcase name="cookie" time="0.211" classname="com.qait.automation.Tatocautomation.Tatoc"/>
  <testcase name="frameDungeon" time="1.341" classname="com.qait.automation.Tatocautomation.Tatoc"/>
  <testcase name="popup" time="0.391" classname="com.qait.automation.Tatocautomation.Tatoc"/>
</testsuite> <!-- com.qait.automation.Tatocautomation.Tatoc -->
