<?xml version="1.0" encoding="UTF-8"?>
<!-- Generated by org.testng.reporters.JUnitReportReporter -->
<testsuite hostname="asd1545po01976" name="com.qait.automation.Tatocautomation.Alltest" tests="1" failures="0" timestamp="19 Jun 2018 12:30:48 GMT" time="1.446" errors="0">
  <testcase name="test_grid_green_box" time="1.446" classname="com.qait.automation.Tatocautomation.Alltest"/>
</testsuite> <!-- com.qait.automation.Tatocautomation.Alltest -->
