<?xml version="1.0" encoding="UTF-8"?>
<!-- Generated by org.testng.reporters.JUnitReportReporter -->
<testsuite hostname="asd1545po01976" name="com.qait.automation.Tatocautomation.Alltest" tests="1" failures="0" timestamp="19 Jun 2018 10:37:07 GMT" time="1.179" errors="0">
  <testcase name="testGreenBox" time="1.179" classname="com.qait.automation.Tatocautomation.Alltest"/>
</testsuite> <!-- com.qait.automation.Tatocautomation.Alltest -->
