<?xml version="1.0" encoding="UTF-8"?>
<!-- Generated by org.testng.reporters.JUnitReportReporter -->
<testsuite hostname="asd1545po01976" name="com.qait.automation.Tatocautomation.Tatoc" tests="5" failures="0" timestamp="19 Jun 2018 04:16:58 GMT" time="1.497" errors="0">
  <testcase name="greenBox" time="0.177" classname="com.qait.automation.Tatocautomation.Tatoc"/>
  <testcase name="cookie" time="0.193" classname="com.qait.automation.Tatocautomation.Tatoc"/>
  <testcase name="drag" time="0.269" classname="com.qait.automation.Tatocautomation.Tatoc"/>
  <testcase name="frameDungeon" time="0.512" classname="com.qait.automation.Tatocautomation.Tatoc"/>
  <testcase name="popup" time="0.346" classname="com.qait.automation.Tatocautomation.Tatoc"/>
</testsuite> <!-- com.qait.automation.Tatocautomation.Tatoc -->
